<?xml version="1.0" encoding="UTF-8" ?>
<testsuite tests="1" failures="0" name="runners.TestRun2" time="0.265" errors="1" skipped="0">
  <properties>
[...]
</properties>
  <testcase classname="US014 Class Work" name="Kullanici ve Url Testi" time="0.265">
    <error message="The step &apos;kullanici webUrl anasayfasinda&apos; and 10 other step(s) are undefined.
You can implement these steps using the snippet(s) below:

@Given(&quot;kullanici webUrl anasayfasinda&quot;)
public void kullanici_web_url_anasayfasinda() {
    // Write code here that turns the phrase above into concrete actions
    throw new io.cucumber.java.PendingException();
}
@Then(&quot;kullanici Login Portala kadar asagi iner&quot;)
public void kullanici_login_portala_kadar_asagi_iner() {
    // Write code here that turns the phrase above into concrete actions
    throw new io.cucumber.java.PendingException();
}
@Then(&quot;kullanici Login Portala tiklar&quot;)
public void kullanici_login_portala_tiklar() {
    // Write code here that turns the phrase above into concrete actions
    throw new io.cucumber.java.PendingException();
}
@Then(&quot;kullanici diger windowa gecer&quot;)
public void kullanici_diger_windowa_gecer() {
    // Write code here that turns the phrase above into concrete actions
    throw new io.cucumber.java.PendingException();
}
@Then(&quot;kullanici {string} kutusuna bilgileri girer&quot;)
public void kullanici_kutusuna_bilgileri_girer(String string) {
    // Write code here that turns the phrase above into concrete actions
    throw new io.cucumber.java.PendingException();
}
@Then(&quot;kullanici {string} bolumune bilgileri girer&quot;)
public void kullanici_bolumune_bilgileri_girer(String string) {
    // Write code here that turns the phrase above into concrete actions
    throw new io.cucumber.java.PendingException();
}
@Then(&quot;kullanici login butonuna basar&quot;)
public void kullanici_login_butonuna_basar() {
    // Write code here that turns the phrase above into concrete actions
    throw new io.cucumber.java.PendingException();
}
@Then(&quot;kullanici Popup&apos;ta cikan yazinin validation failed oldugunu test eder&quot;)
public void kullanici_popup_ta_cikan_yazinin_validation_failed_oldugunu_test_eder() {
    // Write code here that turns the phrase above into concrete actions
    throw new io.cucumber.java.PendingException();
}
@Then(&quot;kullanici Ok diyerek Popup&apos;i kapatir&quot;)
public void kullanici_ok_diyerek_popup_i_kapatir() {
    // Write code here that turns the phrase above into concrete actions
    throw new io.cucumber.java.PendingException();
}
@Then(&quot;kullanici ilk sayfaya geri doner&quot;)
public void kullanici_ilk_sayfaya_geri_doner() {
    // Write code here that turns the phrase above into concrete actions
    throw new io.cucumber.java.PendingException();
}
@Then(&quot;kullanici ilk sayfaya donuldugunu test eder&quot;)
public void kullanici_ilk_sayfaya_donuldugunu_test_eder() {
    // Write code here that turns the phrase above into concrete actions
    throw new io.cucumber.java.PendingException();
}
" type="io.cucumber.junit.UndefinedStepException">io.cucumber.junit.UndefinedStepException: The step &apos;kullanici webUrl anasayfasinda&apos; and 10 other step(s) are undefined.
You can implement these steps using the snippet(s) below:

@Given(&quot;kullanici webUrl anasayfasinda&quot;)
public void kullanici_web_url_anasayfasinda() {
    // Write code here that turns the phrase above into concrete actions
    throw new io.cucumber.java.PendingException();
}
@Then(&quot;kullanici Login Portala kadar asagi iner&quot;)
public void kullanici_login_portala_kadar_asagi_iner() {
    // Write code here that turns the phrase above into concrete actions
    throw new io.cucumber.java.PendingException();
}
@Then(&quot;kullanici Login Portala tiklar&quot;)
public void kullanici_login_portala_tiklar() {
    // Write code here that turns the phrase above into concrete actions
    throw new io.cucumber.java.PendingException();
}
@Then(&quot;kullanici diger windowa gecer&quot;)
public void kullanici_diger_windowa_gecer() {
    // Write code here that turns the phrase above into concrete actions
    throw new io.cucumber.java.PendingException();
}
@Then(&quot;kullanici {string} kutusuna bilgileri girer&quot;)
public void kullanici_kutusuna_bilgileri_girer(String string) {
    // Write code here that turns the phrase above into concrete actions
    throw new io.cucumber.java.PendingException();
}
@Then(&quot;kullanici {string} bolumune bilgileri girer&quot;)
public void kullanici_bolumune_bilgileri_girer(String string) {
    // Write code here that turns the phrase above into concrete actions
    throw new io.cucumber.java.PendingException();
}
@Then(&quot;kullanici login butonuna basar&quot;)
public void kullanici_login_butonuna_basar() {
    // Write code here that turns the phrase above into concrete actions
    throw new io.cucumber.java.PendingException();
}
@Then(&quot;kullanici Popup&apos;ta cikan yazinin validation failed oldugunu test eder&quot;)
public void kullanici_popup_ta_cikan_yazinin_validation_failed_oldugunu_test_eder() {
    // Write code here that turns the phrase above into concrete actions
    throw new io.cucumber.java.PendingException();
}
@Then(&quot;kullanici Ok diyerek Popup&apos;i kapatir&quot;)
public void kullanici_ok_diyerek_popup_i_kapatir() {
    // Write code here that turns the phrase above into concrete actions
    throw new io.cucumber.java.PendingException();
}
@Then(&quot;kullanici ilk sayfaya geri doner&quot;)
public void kullanici_ilk_sayfaya_geri_doner() {
    // Write code here that turns the phrase above into concrete actions
    throw new io.cucumber.java.PendingException();
}
@Then(&quot;kullanici ilk sayfaya donuldugunu test eder&quot;)
public void kullanici_ilk_sayfaya_donuldugunu_test_eder() {
    // Write code here that turns the phrase above into concrete actions
    throw new io.cucumber.java.PendingException();
}

</error>
    <system-err>&amp;#27;[32m&amp;#27;[1m┌──────────────────────────────────────────────────────────────────────────┐&amp;#27;[0m
&amp;#27;[32m&amp;#27;[1m│&amp;#27;[0m View your Cucumber Report at:                                            &amp;#27;[32m&amp;#27;[1m│&amp;#27;[0m
&amp;#27;[32m&amp;#27;[1m│&amp;#27;[0m &amp;#27;[1m&amp;#27;[36m&amp;#27;[4mhttps://reports.cucumber.io/reports/4920797f-2b1d-4dfb-b4bd-4d342dcabda7&amp;#27;[0m &amp;#27;[32m&amp;#27;[1m│&amp;#27;[0m
&amp;#27;[32m&amp;#27;[1m│&amp;#27;[0m                                                                          &amp;#27;[32m&amp;#27;[1m│&amp;#27;[0m
&amp;#27;[32m&amp;#27;[1m│&amp;#27;[0m This report was published in collection &quot;Editor Test&quot;                    &amp;#27;[32m&amp;#27;[1m│&amp;#27;[0m
&amp;#27;[32m&amp;#27;[1m└──────────────────────────────────────────────────────────────────────────┘&amp;#27;[0m</system-err>
  </testcase>
</testsuite>