<?xml version="1.0" encoding="UTF-8"?>
<testsuite xmlns:xsi="http://www.w3.org/2001/XMLSchema-instance" xsi:noNamespaceSchemaLocation="https://maven.apache.org/surefire/maven-surefire-plugin/xsd/surefire-test-report.xsd" name="US014 Class Work" time="8.058" tests="1" errors="1" skipped="0" failures="0">
  <properties>
[...]
</properties>
  <testcase name="Kullanici ve Url Testi" classname="US014 Class Work" time="8.058">
    <error message="The step &apos;kullanici webUrl anasayfasinda&apos; and 10 other step(s) are undefined.&#10;You can implement these steps using the snippet(s) below:&#10;&#10;@Given(&quot;kullanici webUrl anasayfasinda&quot;)&#10;public void kullanici_web_url_anasayfasinda() {&#10;    // Write code here that turns the phrase above into concrete actions&#10;    throw new io.cucumber.java.PendingException();&#10;}&#10;@Then(&quot;kullanici Login Portala kadar asagi iner&quot;)&#10;public void kullanici_login_portala_kadar_asagi_iner() {&#10;    // Write code here that turns the phrase above into concrete actions&#10;    throw new io.cucumber.java.PendingException();&#10;}&#10;@Then(&quot;kullanici Login Portala tiklar&quot;)&#10;public void kullanici_login_portala_tiklar() {&#10;    // Write code here that turns the phrase above into concrete actions&#10;    throw new io.cucumber.java.PendingException();&#10;}&#10;@Then(&quot;kullanici diger windowa gecer&quot;)&#10;public void kullanici_diger_windowa_gecer() {&#10;    // Write code here that turns the phrase above into concrete actions&#10;    throw new io.cucumber.java.PendingException();&#10;}&#10;@Then(&quot;kullanici {string} kutusuna bilgileri girer&quot;)&#10;public void kullanici_kutusuna_bilgileri_girer(String string) {&#10;    // Write code here that turns the phrase above into concrete actions&#10;    throw new io.cucumber.java.PendingException();&#10;}&#10;@Then(&quot;kullanici {string} bolumune bilgileri girer&quot;)&#10;public void kullanici_bolumune_bilgileri_girer(String string) {&#10;    // Write code here that turns the phrase above into concrete actions&#10;    throw new io.cucumber.java.PendingException();&#10;}&#10;@Then(&quot;kullanici login butonuna basar&quot;)&#10;public void kullanici_login_butonuna_basar() {&#10;    // Write code here that turns the phrase above into concrete actions&#10;    throw new io.cucumber.java.PendingException();&#10;}&#10;@Then(&quot;kullanici Popup&apos;ta cikan yazinin validation failed oldugunu test eder&quot;)&#10;public void kullanici_popup_ta_cikan_yazinin_validation_failed_oldugunu_test_eder() {&#10;    // Write code here that turns the phrase above into concrete actions&#10;    throw new io.cucumber.java.PendingException();&#10;}&#10;@Then(&quot;kullanici Ok diyerek Popup&apos;i kapatir&quot;)&#10;public void kullanici_ok_diyerek_popup_i_kapatir() {&#10;    // Write code here that turns the phrase above into concrete actions&#10;    throw new io.cucumber.java.PendingException();&#10;}&#10;@Then(&quot;kullanici ilk sayfaya geri doner&quot;)&#10;public void kullanici_ilk_sayfaya_geri_doner() {&#10;    // Write code here that turns the phrase above into concrete actions&#10;    throw new io.cucumber.java.PendingException();&#10;}&#10;@Then(&quot;kullanici ilk sayfaya donuldugunu test eder&quot;)&#10;public void kullanici_ilk_sayfaya_donuldugunu_test_eder() {&#10;    // Write code here that turns the phrase above into concrete actions&#10;    throw new io.cucumber.java.PendingException();&#10;}&#10;" type="io.cucumber.junit.UndefinedStepException">io.cucumber.junit.UndefinedStepException: 
The step 'kullanici webUrl anasayfasinda' and 10 other step(s) are undefined.
You can implement these steps using the snippet(s) below:

@Given("kullanici webUrl anasayfasinda")
public void kullanici_web_url_anasayfasinda() {
    // Write code here that turns the phrase above into concrete actions
    throw new io.cucumber.java.PendingException();
}
@Then("kullanici Login Portala kadar asagi iner")
public void kullanici_login_portala_kadar_asagi_iner() {
    // Write code here that turns the phrase above into concrete actions
    throw new io.cucumber.java.PendingException();
}
@Then("kullanici Login Portala tiklar")
public void kullanici_login_portala_tiklar() {
    // Write code here that turns the phrase above into concrete actions
    throw new io.cucumber.java.PendingException();
}
@Then("kullanici diger windowa gecer")
public void kullanici_diger_windowa_gecer() {
    // Write code here that turns the phrase above into concrete actions
    throw new io.cucumber.java.PendingException();
}
@Then("kullanici {string} kutusuna bilgileri girer")
public void kullanici_kutusuna_bilgileri_girer(String string) {
    // Write code here that turns the phrase above into concrete actions
    throw new io.cucumber.java.PendingException();
}
@Then("kullanici {string} bolumune bilgileri girer")
public void kullanici_bolumune_bilgileri_girer(String string) {
    // Write code here that turns the phrase above into concrete actions
    throw new io.cucumber.java.PendingException();
}
@Then("kullanici login butonuna basar")
public void kullanici_login_butonuna_basar() {
    // Write code here that turns the phrase above into concrete actions
    throw new io.cucumber.java.PendingException();
}
@Then("kullanici Popup'ta cikan yazinin validation failed oldugunu test eder")
public void kullanici_popup_ta_cikan_yazinin_validation_failed_oldugunu_test_eder() {
    // Write code here that turns the phrase above into concrete actions
    throw new io.cucumber.java.PendingException();
}
@Then("kullanici Ok diyerek Popup'i kapatir")
public void kullanici_ok_diyerek_popup_i_kapatir() {
    // Write code here that turns the phrase above into concrete actions
    throw new io.cucumber.java.PendingException();
}
@Then("kullanici ilk sayfaya geri doner")
public void kullanici_ilk_sayfaya_geri_doner() {
    // Write code here that turns the phrase above into concrete actions
    throw new io.cucumber.java.PendingException();
}
@Then("kullanici ilk sayfaya donuldugunu test eder")
public void kullanici_ilk_sayfaya_donuldugunu_test_eder() {
    // Write code here that turns the phrase above into concrete actions
    throw new io.cucumber.java.PendingException();
}

</error>
    <system-out><![CDATA[&amp#27;[32m&amp#27;[1m┌──────────────────────────────────────────────────────────────────────────┐&amp#27;[0m
&amp#27;[32m&amp#27;[1m│&amp#27;[0m View your Cucumber Report at:                                            &amp#27;[32m&amp#27;[1m│&amp#27;[0m
&amp#27;[32m&amp#27;[1m│&amp#27;[0m &amp#27;[1m&amp#27;[36m&amp#27;[4mhttps://reports.cucumber.io/reports/f88ea4eb-58be-4934-9894-336e7743b9d4&amp#27;[0m &amp#27;[32m&amp#27;[1m│&amp#27;[0m
&amp#27;[32m&amp#27;[1m│&amp#27;[0m                                                                          &amp#27;[32m&amp#27;[1m│&amp#27;[0m
&amp#27;[32m&amp#27;[1m│&amp#27;[0m This report was published in collection "Editor Test"                    &amp#27;[32m&amp#27;[1m│&amp#27;[0m
&amp#27;[32m&amp#27;[1m└──────────────────────────────────────────────────────────────────────────┘&amp#27;[0m]]></system-out>
    <system-err><![CDATA[SLF4J: Failed to load class "org.slf4j.impl.StaticLoggerBinder".
SLF4J: Defaulting to no-operation (NOP) logger implementation
SLF4J: See http://www.slf4j.org/codes.html#StaticLoggerBinder for further details.
ERROR StatusLogger Log4j2 could not find a logging implementation. Please add log4j-core to the classpath. Using SimpleLogger to log to the console...
Starting ChromeDriver 106.0.5249.61 (511755355844955cd3e264779baf0dd38212a4d0-refs/branch-heads/5249@{#569}) on port 61051
Only local connections are allowed.
Please see https://chromedriver.chromium.org/security-considerations for suggestions on keeping ChromeDriver safe.
ChromeDriver was started successfully.
Eki 14, 2022 10:32:25 ÖS org.openqa.selenium.remote.ProtocolHandshake createSession
INFO: Detected dialect: W3C
Eki 14, 2022 10:32:25 ÖS org.openqa.selenium.devtools.CdpVersionFinder findNearestMatch
WARNING: Unable to find an exact match for CDP version 106, so returning the closest version found: a no-op implementation
Eki 14, 2022 10:32:25 ÖS org.openqa.selenium.devtools.CdpVersionFinder findNearestMatch
INFO: Unable to find CDP implementation matching 106.
Eki 14, 2022 10:32:25 ÖS org.openqa.selenium.chromium.ChromiumDriver lambda$new$3
WARNING: Unable to find version of CDP to use for . You may need to include a dependency on a specific version of the CDP using something similar to `org.seleniumhq.selenium:selenium-devtools-v86:4.1.3` where the version ("v86") matches the version of the chromium-based browser you're using and the version number of the artifact is the same as Selenium's.
]]></system-err>
  </testcase>
</testsuite>